<?xml version="1.0" encoding="UTF-8"?>
<testsuite xmlns:xsi="http://www.w3.org/2001/XMLSchema-instance" xsi:noNamespaceSchemaLocation="https://maven.apache.org/surefire/maven-surefire-plugin/xsd/surefire-test-report-3.0.xsd" version="3.0" name="test_runner.Runner" time="8.389" tests="1" errors="0" skipped="0" failures="0">
  <properties>
[...]
</properties>
  <testcase name="Test login with valid credentials" classname="Test login with valid credentials" time="7.176">
    <system-out><![CDATA[
Scenario: Test login with valid credentials                  # src/test/resources/features/BDD-T1.feature:4
Navigate to website URL..
  Given User is able to acess login page                     # step_definations.Step_Definations.user_is_able_to_acess_login_page()
validate login page..
  And user is on login page                                  # step_definations.Step_Definations.user_is_on_login_page()
Enter username and password..
  When user enters username and password                     # step_definations.Step_Definations.user_enters_username_and_password()
click on login button...
  And clicks on login button                                 # step_definations.Step_Definations.clicks_on_login_button()
user is on home page..validate home page
  And user is on home page                                   # step_definations.Step_Definations.user_is_on_home_page()
access your menu test data..
  And user access menu test data                             # step_definations.Step_Definations.user_access_menu_test_data()
User clicks on logout button..
  And user clicks on logout                                  # step_definations.Step_Definations.user_clicks_on_logout()
User logged out successfully..and user is on home page..
  Then user logged out of application and back to login page # step_definations.Step_Definations.user_logged_out_of_application_and_back_to_login_page()
]]></system-out>
    <system-err><![CDATA[1598013108438	geckodriver	INFO	Listening on 127.0.0.1:4687
1598013109179	mozrunner::runner	INFO	Running command: "C:\\Program Files (x86)\\Mozilla Firefox\\firefox.exe" "--marionette" "-foreground" "-no-remote" "-profile" "C:\\Users\\SUBHIJ~1\\AppData\\Local\\Temp\\rust_mozprofileiSnaqw"
JavaScript error: resource://gre/modules/XULStore.jsm, line 66: Error: Can't find profile directory.
console.error: SearchCache: "_readCacheFile: Error reading cache file:" (new Error("", "(unknown module)"))
1598013113990	Marionette	INFO	Listening on port 53343
1598013114400	Marionette	WARN	TLS certificate errors will be ignored for this session
Aug 21, 2020 8:31:54 PM org.openqa.selenium.remote.ProtocolHandshake createSession
INFO: Detected dialect: W3C
]]></system-err>
  </testcase>
</testsuite>